<?xml version="1.0" encoding="UTF-8"?>
<!-- Generated by org.testng.reporters.JUnitXMLReporter -->
<testsuite ignored="0" hostname="Josue" failures="4" tests="4" name="Regression" time="2.076" errors="0" timestamp="2022-10-16T19:54:11 CST">
  <testcase classname="com.test.SeleniumMaven.SelTest" name="accountCreation" time="1.639">
    <failure type="org.openqa.selenium.NoSuchElementException" message="Unable to locate element: #ap_passwurd_check
For documentation on this error, please visit: https://selenium.dev/exceptions/#no_such_element
Build info: version: &amp;apos;4.3.0&amp;apos;, revision: &amp;apos;a4995e2c09*&amp;apos;
System info: host: &amp;apos;JOSUE&amp;apos;, ip: &amp;apos;192.168.1.39&amp;apos;, os.name: &amp;apos;Windows 11&amp;apos;, os.arch: &amp;apos;amd64&amp;apos;, os.version: &amp;apos;10.0&amp;apos;, java.version: &amp;apos;17.0.4.1&amp;apos;
Driver info: org.openqa.selenium.firefox.FirefoxDriver
Command: [0172eca2-f637-4a68-907a-09d363307a37, findElement {using=id, value=ap_passwurd_check}]
Capabilities {acceptInsecureCerts: true, browserName: firefox, browserVersion: 105.0.3, moz:accessibilityChecks: false, moz:buildID: 20221007134813, moz:debuggerAddress: 127.0.0.1:55081, moz:geckodriverVersion: 0.31.0, moz:headless: false, moz:platformVersion: 10.0, moz:processID: 26288, moz:profile: C:\Users\josue\AppData\Loca..., moz:shutdownTimeout: 60000, moz:useNonSpecCompliantPointerOrigin: false, moz:webdriverClick: true, moz:windowless: false, pageLoadStrategy: normal, platformName: WINDOWS, proxy: Proxy(), se:cdp: ws://127.0.0.1:55081/devtoo..., se:cdpVersion: 85.0, setWindowRect: true, strictFileInteractability: false, timeouts: {implicit: 0, pageLoad: 300000, script: 30000}, unhandledPromptBehavior: dismiss and notify}
Session ID: 0172eca2-f637-4a68-907a-09d363307a37">
      <![CDATA[org.openqa.selenium.NoSuchElementException: Unable to locate element: #ap_passwurd_check
For documentation on this error, please visit: https://selenium.dev/exceptions/#no_such_element
Build info: version: '4.3.0', revision: 'a4995e2c09*'
System info: host: 'JOSUE', ip: '192.168.1.39', os.name: 'Windows 11', os.arch: 'amd64', os.version: '10.0', java.version: '17.0.4.1'
Driver info: org.openqa.selenium.firefox.FirefoxDriver
Command: [0172eca2-f637-4a68-907a-09d363307a37, findElement {using=id, value=ap_passwurd_check}]
Capabilities {acceptInsecureCerts: true, browserName: firefox, browserVersion: 105.0.3, moz:accessibilityChecks: false, moz:buildID: 20221007134813, moz:debuggerAddress: 127.0.0.1:55081, moz:geckodriverVersion: 0.31.0, moz:headless: false, moz:platformVersion: 10.0, moz:processID: 26288, moz:profile: C:\Users\josue\AppData\Loca..., moz:shutdownTimeout: 60000, moz:useNonSpecCompliantPointerOrigin: false, moz:webdriverClick: true, moz:windowless: false, pageLoadStrategy: normal, platformName: WINDOWS, proxy: Proxy(), se:cdp: ws://127.0.0.1:55081/devtoo..., se:cdpVersion: 85.0, setWindowRect: true, strictFileInteractability: false, timeouts: {implicit: 0, pageLoad: 300000, script: 30000}, unhandledPromptBehavior: dismiss and notify}
Session ID: 0172eca2-f637-4a68-907a-09d363307a37
at org.openqa.selenium.remote.codec.w3c.W3CHttpResponseCodec.createException(W3CHttpResponseCodec.java:200)
at org.openqa.selenium.remote.codec.w3c.W3CHttpResponseCodec.decode(W3CHttpResponseCodec.java:133)
at org.openqa.selenium.remote.codec.w3c.W3CHttpResponseCodec.decode(W3CHttpResponseCodec.java:53)
at org.openqa.selenium.remote.HttpCommandExecutor.execute(HttpCommandExecutor.java:184)
at org.openqa.selenium.remote.service.DriverCommandExecutor.invokeExecute(DriverCommandExecutor.java:167)
at org.openqa.selenium.remote.service.DriverCommandExecutor.execute(DriverCommandExecutor.java:142)
at org.openqa.selenium.remote.RemoteWebDriver.execute(RemoteWebDriver.java:569)
at org.openqa.selenium.remote.ElementLocation$ElementFinder$2.findElement(ElementLocation.java:162)
at org.openqa.selenium.remote.ElementLocation.findElement(ElementLocation.java:60)
at org.openqa.selenium.remote.RemoteWebDriver.findElement(RemoteWebDriver.java:387)
at org.openqa.selenium.remote.RemoteWebDriver.findElement(RemoteWebDriver.java:379)
at com.epam.healenium.processor.FindElementProcessor.execute(FindElementProcessor.java:24)
at com.epam.healenium.processor.BaseProcessor.process(BaseProcessor.java:41)
at com.epam.healenium.handlers.proxy.BaseHandler.findElement(BaseHandler.java:58)
at com.epam.healenium.handlers.proxy.SelfHealingProxyInvocationHandler.invoke(SelfHealingProxyInvocationHandler.java:39)
at jdk.proxy2/jdk.proxy2.$Proxy13.findElement(Unknown Source)
at com.test.SeleniumMaven.SelTest.accountCreation(SelTest.java:48)
at java.base/java.util.ArrayList.forEach(ArrayList.java:1511)
... Removed 32 stack frames]]>
    </failure>
  </testcase> <!-- accountCreation -->
  <testcase classname="com.test.SeleniumMaven.SelTest" name="matchPassword" time="0.173">
    <failure type="org.junit.ComparisonFailure" message="expected:&amp;lt;[]&amp;gt; but was:&amp;lt;[Passwords must match]&amp;gt;">
      <![CDATA[org.junit.ComparisonFailure: expected:<[]> but was:<[Passwords must match]>
at org.junit.Assert.assertEquals(Assert.java:117)
at org.junit.Assert.assertEquals(Assert.java:146)
at com.test.SeleniumMaven.SelTest.matchPassword(SelTest.java:65)
at java.base/java.util.ArrayList.forEach(ArrayList.java:1511)
... Removed 27 stack frames]]>
    </failure>
  </testcase> <!-- matchPassword -->
  <testcase classname="com.test.SeleniumMaven.SelTest" name="passwordLength" time="0.097">
    <failure type="org.junit.ComparisonFailure" message="expected:&amp;lt;[]&amp;gt; but was:&amp;lt;[Minimum 6 characters required]&amp;gt;">
      <![CDATA[org.junit.ComparisonFailure: expected:<[]> but was:<[Minimum 6 characters required]>
at org.junit.Assert.assertEquals(Assert.java:117)
at org.junit.Assert.assertEquals(Assert.java:146)
at com.test.SeleniumMaven.SelTest.passwordLength(SelTest.java:58)
at java.base/java.util.ArrayList.forEach(ArrayList.java:1511)
... Removed 27 stack frames]]>
    </failure>
  </testcase> <!-- passwordLength -->
  <testcase classname="com.test.SeleniumMaven.SelTest" name="wrongEmail" time="0.089">
    <failure type="org.junit.ComparisonFailure" message="expected:&amp;lt;[]&amp;gt; but was:&amp;lt;[Wrong or Invalid email address or mobile phone number. Please correct and try again.]&amp;gt;">
      <![CDATA[org.junit.ComparisonFailure: expected:<[]> but was:<[Wrong or Invalid email address or mobile phone number. Please correct and try again.]>
at org.junit.Assert.assertEquals(Assert.java:117)
at org.junit.Assert.assertEquals(Assert.java:146)
at com.test.SeleniumMaven.SelTest.wrongEmail(SelTest.java:71)
at java.base/java.util.ArrayList.forEach(ArrayList.java:1511)
... Removed 27 stack frames]]>
    </failure>
  </testcase> <!-- wrongEmail -->
</testsuite> <!-- Regression -->
